2021-06-11 22:15:58,088 INFO c.e.d.SareetaApplication [main] Starting SareetaApplication on Dr-Rasha with PID 6944 (C:\Users\INNOVATIONS\Documents\ecomerceUdacity\starter_code\target\classes started by INNOVATIONS in C:\Users\INNOVATIONS\Documents\ecomerceUdacity\starter_code)
2021-06-11 22:15:58,108 DEBUG c.e.d.SareetaApplication [main] Running with Spring Boot v2.3.2.RELEASE, Spring v5.2.8.RELEASE
2021-06-11 22:15:58,109 INFO c.e.d.SareetaApplication [main] No active profile set, falling back to default profiles: default
2021-06-11 22:16:10,900 DEBUG c.e.d.s.JWTAuthenticationVerficationFilter [main] Filter 'JWTAuthenticationVerficationFilter' configured for use
2021-06-11 22:17:40,695 INFO c.e.d.SareetaApplication [main] Starting SareetaApplication on Dr-Rasha with PID 5532 (C:\Users\INNOVATIONS\Documents\ecomerceUdacity\starter_code\target\classes started by INNOVATIONS in C:\Users\INNOVATIONS\Documents\ecomerceUdacity\starter_code)
2021-06-11 22:17:40,717 DEBUG c.e.d.SareetaApplication [main] Running with Spring Boot v2.3.2.RELEASE, Spring v5.2.8.RELEASE
2021-06-11 22:17:40,718 INFO c.e.d.SareetaApplication [main] No active profile set, falling back to default profiles: default
2021-06-11 22:19:30,100 INFO c.e.d.SareetaApplication [main] Starting SareetaApplication on Dr-Rasha with PID 8804 (C:\Users\INNOVATIONS\Documents\ecomerceUdacity\starter_code\target\classes started by INNOVATIONS in C:\Users\INNOVATIONS\Documents\ecomerceUdacity\starter_code)
2021-06-11 22:19:30,120 DEBUG c.e.d.SareetaApplication [main] Running with Spring Boot v2.3.2.RELEASE, Spring v5.2.8.RELEASE
2021-06-11 22:19:30,122 INFO c.e.d.SareetaApplication [main] No active profile set, falling back to default profiles: default
2021-06-11 22:19:40,975 DEBUG c.e.d.s.JWTAuthenticationVerficationFilter [main] Filter 'JWTAuthenticationVerficationFilter' configured for use
2021-06-11 22:19:42,469 INFO c.e.d.SareetaApplication [main] Started SareetaApplication in 13.341 seconds (JVM running for 19.123)
2021-06-11 22:20:35,883 INFO c.e.d.s.JWTAuthenticationVerficationFilter [http-nio-8080-exec-1]  Authentication Verification sucessfully
2021-06-11 22:20:35,921 INFO c.e.d.s.JWTAuthenticationVerficationFilter [http-nio-8080-exec-1]  Authentication Verification sucessfully
2021-06-11 22:20:37,150 ERROR c.e.d.c.CartController [http-nio-8080-exec-1] Rasha Not found
2021-06-11 22:22:23,298 INFO c.e.d.c.UserController [http-nio-8080-exec-5] User created successfully and Username is: Rasha
2021-06-11 22:22:24,373 WARN c.e.d.s.JWTAuthenticationVerficationFilter [http-nio-8080-exec-5] Warning Verification of Authentication.
2021-06-11 22:22:24,374 WARN c.e.d.s.JWTAuthenticationVerficationFilter [http-nio-8080-exec-5] Warning Verification of Authentication.
2021-06-11 22:22:40,450 INFO c.e.d.c.UserController [http-nio-8080-exec-7] User created successfully and Username is: Rasha
2021-06-11 22:22:40,458 ERROR c.e.d.c.UserController [http-nio-8080-exec-7] Error. Password is not valid !
2021-06-11 22:22:40,462 WARN c.e.d.s.JWTAuthenticationVerficationFilter [http-nio-8080-exec-7] Warning Verification of Authentication.
2021-06-11 22:22:40,462 WARN c.e.d.s.JWTAuthenticationVerficationFilter [http-nio-8080-exec-7] Warning Verification of Authentication.
2021-06-11 22:23:12,922 INFO c.e.d.c.UserController [http-nio-8080-exec-8] User created successfully and Username is: Rasha
2021-06-11 22:23:13,388 ERROR o.h.e.j.s.SqlExceptionHelper [http-nio-8080-exec-8] Unique index or primary key violation: "PUBLIC.UK_SB8BBOUER5WAK8VYIIY4PF2BX_INDEX_2 ON PUBLIC.USER(USERNAME) VALUES 1"; SQL statement:
insert into user (id, cart_id, password, username) values (null, ?, ?, ?) [23505-200]
2021-06-11 22:23:13,454 ERROR o.a.c.c.C.[.[.[.[dispatcherServlet] [http-nio-8080-exec-8] Servlet.service() for servlet [dispatcherServlet] in context with path [] threw exception [Request processing failed; nested exception is org.springframework.dao.DataIntegrityViolationException: could not execute statement; SQL [n/a]; constraint ["PUBLIC.UK_SB8BBOUER5WAK8VYIIY4PF2BX_INDEX_2 ON PUBLIC.USER(USERNAME) VALUES 1"; SQL statement:
insert into user (id, cart_id, password, username) values (null, ?, ?, ?) [23505-200]]; nested exception is org.hibernate.exception.ConstraintViolationException: could not execute statement] with root cause
org.h2.jdbc.JdbcSQLIntegrityConstraintViolationException: Unique index or primary key violation: "PUBLIC.UK_SB8BBOUER5WAK8VYIIY4PF2BX_INDEX_2 ON PUBLIC.USER(USERNAME) VALUES 1"; SQL statement:
insert into user (id, cart_id, password, username) values (null, ?, ?, ?) [23505-200]
	at org.h2.message.DbException.getJdbcSQLException(DbException.java:459) ~[h2-1.4.200.jar:1.4.200]
	at org.h2.message.DbException.getJdbcSQLException(DbException.java:429) ~[h2-1.4.200.jar:1.4.200]
	at org.h2.message.DbException.get(DbException.java:205) ~[h2-1.4.200.jar:1.4.200]
	at org.h2.message.DbException.get(DbException.java:181) ~[h2-1.4.200.jar:1.4.200]
	at org.h2.index.BaseIndex.getDuplicateKeyException(BaseIndex.java:103) ~[h2-1.4.200.jar:1.4.200]
	at org.h2.mvstore.db.MVSecondaryIndex.checkUnique(MVSecondaryIndex.java:221) ~[h2-1.4.200.jar:1.4.200]
	at org.h2.mvstore.db.MVSecondaryIndex.add(MVSecondaryIndex.java:196) ~[h2-1.4.200.jar:1.4.200]
	at org.h2.mvstore.db.MVTable.addRow(MVTable.java:531) ~[h2-1.4.200.jar:1.4.200]
	at org.h2.command.dml.Insert.insertRows(Insert.java:195) ~[h2-1.4.200.jar:1.4.200]
	at org.h2.command.dml.Insert.update(Insert.java:151) ~[h2-1.4.200.jar:1.4.200]
	at org.h2.command.CommandContainer.executeUpdateWithGeneratedKeys(CommandContainer.java:272) ~[h2-1.4.200.jar:1.4.200]
	at org.h2.command.CommandContainer.update(CommandContainer.java:191) ~[h2-1.4.200.jar:1.4.200]
	at org.h2.command.Command.executeUpdate(Command.java:251) ~[h2-1.4.200.jar:1.4.200]
	at org.h2.jdbc.JdbcPreparedStatement.executeUpdateInternal(JdbcPreparedStatement.java:191) ~[h2-1.4.200.jar:1.4.200]
	at org.h2.jdbc.JdbcPreparedStatement.executeUpdate(JdbcPreparedStatement.java:152) ~[h2-1.4.200.jar:1.4.200]
	at com.zaxxer.hikari.pool.ProxyPreparedStatement.executeUpdate(ProxyPreparedStatement.java:61) ~[HikariCP-3.4.5.jar:?]
	at com.zaxxer.hikari.pool.HikariProxyPreparedStatement.executeUpdate(HikariProxyPreparedStatement.java) ~[HikariCP-3.4.5.jar:?]
	at org.hibernate.engine.jdbc.internal.ResultSetReturnImpl.executeUpdate(ResultSetReturnImpl.java:197) ~[hibernate-core-5.4.18.Final.jar:5.4.18.Final]
	at org.hibernate.dialect.identity.GetGeneratedKeysDelegate.executeAndExtract(GetGeneratedKeysDelegate.java:57) ~[hibernate-core-5.4.18.Final.jar:5.4.18.Final]
	at org.hibernate.id.insert.AbstractReturningDelegate.performInsert(AbstractReturningDelegate.java:43) ~[hibernate-core-5.4.18.Final.jar:5.4.18.Final]
	at org.hibernate.persister.entity.AbstractEntityPersister.insert(AbstractEntityPersister.java:3152) ~[hibernate-core-5.4.18.Final.jar:5.4.18.Final]
	at org.hibernate.persister.entity.AbstractEntityPersister.insert(AbstractEntityPersister.java:3756) ~[hibernate-core-5.4.18.Final.jar:5.4.18.Final]
	at org.hibernate.action.internal.EntityIdentityInsertAction.execute(EntityIdentityInsertAction.java:84) ~[hibernate-core-5.4.18.Final.jar:5.4.18.Final]
	at org.hibernate.engine.spi.ActionQueue.execute(ActionQueue.java:645) ~[hibernate-core-5.4.18.Final.jar:5.4.18.Final]
	at org.hibernate.engine.spi.ActionQueue.addResolvedEntityInsertAction(ActionQueue.java:282) ~[hibernate-core-5.4.18.Final.jar:5.4.18.Final]
	at org.hibernate.engine.spi.ActionQueue.addInsertAction(ActionQueue.java:263) ~[hibernate-core-5.4.18.Final.jar:5.4.18.Final]
	at org.hibernate.engine.spi.ActionQueue.addAction(ActionQueue.java:317) ~[hibernate-core-5.4.18.Final.jar:5.4.18.Final]
	at org.hibernate.event.internal.AbstractSaveEventListener.addInsertAction(AbstractSaveEventListener.java:330) ~[hibernate-core-5.4.18.Final.jar:5.4.18.Final]
	at org.hibernate.event.internal.AbstractSaveEventListener.performSaveOrReplicate(AbstractSaveEventListener.java:287) ~[hibernate-core-5.4.18.Final.jar:5.4.18.Final]
	at org.hibernate.event.internal.AbstractSaveEventListener.performSave(AbstractSaveEventListener.java:193) ~[hibernate-core-5.4.18.Final.jar:5.4.18.Final]
	at org.hibernate.event.internal.AbstractSaveEventListener.saveWithGeneratedId(AbstractSaveEventListener.java:123) ~[hibernate-core-5.4.18.Final.jar:5.4.18.Final]
	at org.hibernate.event.internal.DefaultPersistEventListener.entityIsTransient(DefaultPersistEventListener.java:185) ~[hibernate-core-5.4.18.Final.jar:5.4.18.Final]
	at org.hibernate.event.internal.DefaultPersistEventListener.onPersist(DefaultPersistEventListener.java:128) ~[hibernate-core-5.4.18.Final.jar:5.4.18.Final]
	at org.hibernate.event.internal.DefaultPersistEventListener.onPersist(DefaultPersistEventListener.java:55) ~[hibernate-core-5.4.18.Final.jar:5.4.18.Final]
	at org.hibernate.event.service.internal.EventListenerGroupImpl.fireEventOnEachListener(EventListenerGroupImpl.java:102) ~[hibernate-core-5.4.18.Final.jar:5.4.18.Final]
	at org.hibernate.internal.SessionImpl.firePersist(SessionImpl.java:718) ~[hibernate-core-5.4.18.Final.jar:5.4.18.Final]
	at org.hibernate.internal.SessionImpl.persist(SessionImpl.java:704) ~[hibernate-core-5.4.18.Final.jar:5.4.18.Final]
	at sun.reflect.NativeMethodAccessorImpl.invoke0(Native Method) ~[?:1.8.0_131]
	at sun.reflect.NativeMethodAccessorImpl.invoke(NativeMethodAccessorImpl.java:62) ~[?:1.8.0_131]
	at sun.reflect.DelegatingMethodAccessorImpl.invoke(DelegatingMethodAccessorImpl.java:43) ~[?:1.8.0_131]
	at java.lang.reflect.Method.invoke(Method.java:498) ~[?:1.8.0_131]
	at org.springframework.orm.jpa.ExtendedEntityManagerCreator$ExtendedEntityManagerInvocationHandler.invoke(ExtendedEntityManagerCreator.java:366) ~[spring-orm-5.2.8.RELEASE.jar:5.2.8.RELEASE]
	at com.sun.proxy.$Proxy99.persist(Unknown Source) ~[?:?]
	at sun.reflect.NativeMethodAccessorImpl.invoke0(Native Method) ~[?:1.8.0_131]
	at sun.reflect.NativeMethodAccessorImpl.invoke(NativeMethodAccessorImpl.java:62) ~[?:1.8.0_131]
	at sun.reflect.DelegatingMethodAccessorImpl.invoke(DelegatingMethodAccessorImpl.java:43) ~[?:1.8.0_131]
	at java.lang.reflect.Method.invoke(Method.java:498) ~[?:1.8.0_131]
	at org.springframework.orm.jpa.SharedEntityManagerCreator$SharedEntityManagerInvocationHandler.invoke(SharedEntityManagerCreator.java:314) ~[spring-orm-5.2.8.RELEASE.jar:5.2.8.RELEASE]
	at com.sun.proxy.$Proxy99.persist(Unknown Source) ~[?:?]
	at org.springframework.data.jpa.repository.support.SimpleJpaRepository.save(SimpleJpaRepository.java:554) ~[spring-data-jpa-2.3.2.RELEASE.jar:2.3.2.RELEASE]
	at sun.reflect.NativeMethodAccessorImpl.invoke0(Native Method) ~[?:1.8.0_131]
	at sun.reflect.NativeMethodAccessorImpl.invoke(NativeMethodAccessorImpl.java:62) ~[?:1.8.0_131]
	at sun.reflect.DelegatingMethodAccessorImpl.invoke(DelegatingMethodAccessorImpl.java:43) ~[?:1.8.0_131]
	at java.lang.reflect.Method.invoke(Method.java:498) ~[?:1.8.0_131]
	at org.springframework.data.repository.core.support.ImplementationInvocationMetadata.invoke(ImplementationInvocationMetadata.java:72) ~[spring-data-commons-2.3.2.RELEASE.jar:2.3.2.RELEASE]
	at org.springframework.data.repository.core.support.RepositoryComposition$RepositoryFragments.invoke(RepositoryComposition.java:382) ~[spring-data-commons-2.3.2.RELEASE.jar:2.3.2.RELEASE]
	at org.springframework.data.repository.core.support.RepositoryComposition.invoke(RepositoryComposition.java:205) ~[spring-data-commons-2.3.2.RELEASE.jar:2.3.2.RELEASE]
	at org.springframework.data.repository.core.support.RepositoryFactorySupport$ImplementationMethodExecutionInterceptor.invoke(RepositoryFactorySupport.java:549) ~[spring-data-commons-2.3.2.RELEASE.jar:2.3.2.RELEASE]
	at org.springframework.aop.framework.ReflectiveMethodInvocation.proceed(ReflectiveMethodInvocation.java:186) ~[spring-aop-5.2.8.RELEASE.jar:5.2.8.RELEASE]
	at org.springframework.data.repository.core.support.QueryExecutorMethodInterceptor.doInvoke(QueryExecutorMethodInterceptor.java:155) ~[spring-data-commons-2.3.2.RELEASE.jar:2.3.2.RELEASE]
	at org.springframework.data.repository.core.support.QueryExecutorMethodInterceptor.invoke(QueryExecutorMethodInterceptor.java:130) ~[spring-data-commons-2.3.2.RELEASE.jar:2.3.2.RELEASE]
	at org.springframework.aop.framework.ReflectiveMethodInvocation.proceed(ReflectiveMethodInvocation.java:186) ~[spring-aop-5.2.8.RELEASE.jar:5.2.8.RELEASE]
	at org.springframework.data.projection.DefaultMethodInvokingMethodInterceptor.invoke(DefaultMethodInvokingMethodInterceptor.java:80) ~[spring-data-commons-2.3.2.RELEASE.jar:2.3.2.RELEASE]
	at org.springframework.aop.framework.ReflectiveMethodInvocation.proceed(ReflectiveMethodInvocation.java:186) ~[spring-aop-5.2.8.RELEASE.jar:5.2.8.RELEASE]
	at org.springframework.transaction.interceptor.TransactionAspectSupport.invokeWithinTransaction(TransactionAspectSupport.java:367) ~[spring-tx-5.2.8.RELEASE.jar:5.2.8.RELEASE]
	at org.springframework.transaction.interceptor.TransactionInterceptor.invoke(TransactionInterceptor.java:118) ~[spring-tx-5.2.8.RELEASE.jar:5.2.8.RELEASE]
	at org.springframework.aop.framework.ReflectiveMethodInvocation.proceed(ReflectiveMethodInvocation.java:186) ~[spring-aop-5.2.8.RELEASE.jar:5.2.8.RELEASE]
	at org.springframework.dao.support.PersistenceExceptionTranslationInterceptor.invoke(PersistenceExceptionTranslationInterceptor.java:139) ~[spring-tx-5.2.8.RELEASE.jar:5.2.8.RELEASE]
	at org.springframework.aop.framework.ReflectiveMethodInvocation.proceed(ReflectiveMethodInvocation.java:186) ~[spring-aop-5.2.8.RELEASE.jar:5.2.8.RELEASE]
	at org.springframework.data.jpa.repository.support.CrudMethodMetadataPostProcessor$CrudMethodMetadataPopulatingMethodInterceptor.invoke(CrudMethodMetadataPostProcessor.java:178) ~[spring-data-jpa-2.3.2.RELEASE.jar:2.3.2.RELEASE]
	at org.springframework.aop.framework.ReflectiveMethodInvocation.proceed(ReflectiveMethodInvocation.java:186) ~[spring-aop-5.2.8.RELEASE.jar:5.2.8.RELEASE]
	at org.springframework.aop.interceptor.ExposeInvocationInterceptor.invoke(ExposeInvocationInterceptor.java:95) ~[spring-aop-5.2.8.RELEASE.jar:5.2.8.RELEASE]
	at org.springframework.aop.framework.ReflectiveMethodInvocation.proceed(ReflectiveMethodInvocation.java:186) ~[spring-aop-5.2.8.RELEASE.jar:5.2.8.RELEASE]
	at org.springframework.aop.framework.JdkDynamicAopProxy.invoke(JdkDynamicAopProxy.java:212) ~[spring-aop-5.2.8.RELEASE.jar:5.2.8.RELEASE]
	at com.sun.proxy.$Proxy103.save(Unknown Source) ~[?:?]
	at com.example.demo.controllers.UserController.createUser(UserController.java:70) ~[classes/:?]
	at sun.reflect.NativeMethodAccessorImpl.invoke0(Native Method) ~[?:1.8.0_131]
	at sun.reflect.NativeMethodAccessorImpl.invoke(NativeMethodAccessorImpl.java:62) ~[?:1.8.0_131]
	at sun.reflect.DelegatingMethodAccessorImpl.invoke(DelegatingMethodAccessorImpl.java:43) ~[?:1.8.0_131]
	at java.lang.reflect.Method.invoke(Method.java:498) ~[?:1.8.0_131]
	at org.springframework.web.method.support.InvocableHandlerMethod.doInvoke(InvocableHandlerMethod.java:190) ~[spring-web-5.2.8.RELEASE.jar:5.2.8.RELEASE]
	at org.springframework.web.method.support.InvocableHandlerMethod.invokeForRequest(InvocableHandlerMethod.java:138) ~[spring-web-5.2.8.RELEASE.jar:5.2.8.RELEASE]
	at org.springframework.web.servlet.mvc.method.annotation.ServletInvocableHandlerMethod.invokeAndHandle(ServletInvocableHandlerMethod.java:105) ~[spring-webmvc-5.2.8.RELEASE.jar:5.2.8.RELEASE]
	at org.springframework.web.servlet.mvc.method.annotation.RequestMappingHandlerAdapter.invokeHandlerMethod(RequestMappingHandlerAdapter.java:878) ~[spring-webmvc-5.2.8.RELEASE.jar:5.2.8.RELEASE]
	at org.springframework.web.servlet.mvc.method.annotation.RequestMappingHandlerAdapter.handleInternal(RequestMappingHandlerAdapter.java:792) ~[spring-webmvc-5.2.8.RELEASE.jar:5.2.8.RELEASE]
	at org.springframework.web.servlet.mvc.method.AbstractHandlerMethodAdapter.handle(AbstractHandlerMethodAdapter.java:87) ~[spring-webmvc-5.2.8.RELEASE.jar:5.2.8.RELEASE]
	at org.springframework.web.servlet.DispatcherServlet.doDispatch(DispatcherServlet.java:1040) ~[spring-webmvc-5.2.8.RELEASE.jar:5.2.8.RELEASE]
	at org.springframework.web.servlet.DispatcherServlet.doService(DispatcherServlet.java:943) ~[spring-webmvc-5.2.8.RELEASE.jar:5.2.8.RELEASE]
	at org.springframework.web.servlet.FrameworkServlet.processRequest(FrameworkServlet.java:1006) ~[spring-webmvc-5.2.8.RELEASE.jar:5.2.8.RELEASE]
	at org.springframework.web.servlet.FrameworkServlet.doPost(FrameworkServlet.java:909) ~[spring-webmvc-5.2.8.RELEASE.jar:5.2.8.RELEASE]
	at javax.servlet.http.HttpServlet.service(HttpServlet.java:652) ~[tomcat-embed-core-9.0.37.jar:4.0.FR]
	at org.springframework.web.servlet.FrameworkServlet.service(FrameworkServlet.java:883) ~[spring-webmvc-5.2.8.RELEASE.jar:5.2.8.RELEASE]
	at javax.servlet.http.HttpServlet.service(HttpServlet.java:733) ~[tomcat-embed-core-9.0.37.jar:4.0.FR]
	at org.apache.catalina.core.ApplicationFilterChain.internalDoFilter(ApplicationFilterChain.java:231) ~[tomcat-embed-core-9.0.37.jar:9.0.37]
	at org.apache.catalina.core.ApplicationFilterChain.doFilter(ApplicationFilterChain.java:166) ~[tomcat-embed-core-9.0.37.jar:9.0.37]
	at org.apache.tomcat.websocket.server.WsFilter.doFilter(WsFilter.java:53) ~[tomcat-embed-websocket-9.0.37.jar:9.0.37]
	at org.apache.catalina.core.ApplicationFilterChain.internalDoFilter(ApplicationFilterChain.java:193) ~[tomcat-embed-core-9.0.37.jar:9.0.37]
	at org.apache.catalina.core.ApplicationFilterChain.doFilter(ApplicationFilterChain.java:166) ~[tomcat-embed-core-9.0.37.jar:9.0.37]
	at com.example.demo.security.JWTAuthenticationVerficationFilter.doFilterInternal(JWTAuthenticationVerficationFilter.java:39) ~[classes/:?]
	at org.springframework.web.filter.OncePerRequestFilter.doFilter(OncePerRequestFilter.java:119) ~[spring-web-5.2.8.RELEASE.jar:5.2.8.RELEASE]
	at org.apache.catalina.core.ApplicationFilterChain.internalDoFilter(ApplicationFilterChain.java:193) ~[tomcat-embed-core-9.0.37.jar:9.0.37]
	at org.apache.catalina.core.ApplicationFilterChain.doFilter(ApplicationFilterChain.java:166) ~[tomcat-embed-core-9.0.37.jar:9.0.37]
	at org.springframework.security.web.FilterChainProxy$VirtualFilterChain.doFilter(FilterChainProxy.java:320) ~[spring-security-web-5.3.3.RELEASE.jar:5.3.3.RELEASE]
	at org.springframework.security.web.access.intercept.FilterSecurityInterceptor.invoke(FilterSecurityInterceptor.java:126) ~[spring-security-web-5.3.3.RELEASE.jar:5.3.3.RELEASE]
	at org.springframework.security.web.access.intercept.FilterSecurityInterceptor.doFilter(FilterSecurityInterceptor.java:90) ~[spring-security-web-5.3.3.RELEASE.jar:5.3.3.RELEASE]
	at org.springframework.security.web.FilterChainProxy$VirtualFilterChain.doFilter(FilterChainProxy.java:334) ~[spring-security-web-5.3.3.RELEASE.jar:5.3.3.RELEASE]
	at org.springframework.security.web.access.ExceptionTranslationFilter.doFilter(ExceptionTranslationFilter.java:118) ~[spring-security-web-5.3.3.RELEASE.jar:5.3.3.RELEASE]
	at org.springframework.security.web.FilterChainProxy$VirtualFilterChain.doFilter(FilterChainProxy.java:334) ~[spring-security-web-5.3.3.RELEASE.jar:5.3.3.RELEASE]
	at org.springframework.security.web.session.SessionManagementFilter.doFilter(SessionManagementFilter.java:137) ~[spring-security-web-5.3.3.RELEASE.jar:5.3.3.RELEASE]
	at org.springframework.security.web.FilterChainProxy$VirtualFilterChain.doFilter(FilterChainProxy.java:334) ~[spring-security-web-5.3.3.RELEASE.jar:5.3.3.RELEASE]
	at org.springframework.security.web.authentication.AnonymousAuthenticationFilter.doFilter(AnonymousAuthenticationFilter.java:111) ~[spring-security-web-5.3.3.RELEASE.jar:5.3.3.RELEASE]
	at org.springframework.security.web.FilterChainProxy$VirtualFilterChain.doFilter(FilterChainProxy.java:334) ~[spring-security-web-5.3.3.RELEASE.jar:5.3.3.RELEASE]
	at org.springframework.security.web.servletapi.SecurityContextHolderAwareRequestFilter.doFilter(SecurityContextHolderAwareRequestFilter.java:158) ~[spring-security-web-5.3.3.RELEASE.jar:5.3.3.RELEASE]
	at org.springframework.security.web.FilterChainProxy$VirtualFilterChain.doFilter(FilterChainProxy.java:334) ~[spring-security-web-5.3.3.RELEASE.jar:5.3.3.RELEASE]
	at org.springframework.security.web.savedrequest.RequestCacheAwareFilter.doFilter(RequestCacheAwareFilter.java:63) ~[spring-security-web-5.3.3.RELEASE.jar:5.3.3.RELEASE]
	at org.springframework.security.web.FilterChainProxy$VirtualFilterChain.doFilter(FilterChainProxy.java:334) ~[spring-security-web-5.3.3.RELEASE.jar:5.3.3.RELEASE]
	at com.example.demo.security.JWTAuthenticationVerficationFilter.doFilterInternal(JWTAuthenticationVerficationFilter.java:39) ~[classes/:?]
	at org.springframework.web.filter.OncePerRequestFilter.doFilter(OncePerRequestFilter.java:119) ~[spring-web-5.2.8.RELEASE.jar:5.2.8.RELEASE]
	at org.springframework.security.web.FilterChainProxy$VirtualFilterChain.doFilter(FilterChainProxy.java:334) ~[spring-security-web-5.3.3.RELEASE.jar:5.3.3.RELEASE]
	at org.springframework.security.web.authentication.AbstractAuthenticationProcessingFilter.doFilter(AbstractAuthenticationProcessingFilter.java:200) ~[spring-security-web-5.3.3.RELEASE.jar:5.3.3.RELEASE]
	at org.springframework.security.web.FilterChainProxy$VirtualFilterChain.doFilter(FilterChainProxy.java:334) ~[spring-security-web-5.3.3.RELEASE.jar:5.3.3.RELEASE]
	at org.springframework.security.web.authentication.logout.LogoutFilter.doFilter(LogoutFilter.java:116) ~[spring-security-web-5.3.3.RELEASE.jar:5.3.3.RELEASE]
	at org.springframework.security.web.FilterChainProxy$VirtualFilterChain.doFilter(FilterChainProxy.java:334) ~[spring-security-web-5.3.3.RELEASE.jar:5.3.3.RELEASE]
	at org.springframework.web.filter.CorsFilter.doFilterInternal(CorsFilter.java:92) ~[spring-web-5.2.8.RELEASE.jar:5.2.8.RELEASE]
	at org.springframework.web.filter.OncePerRequestFilter.doFilter(OncePerRequestFilter.java:119) ~[spring-web-5.2.8.RELEASE.jar:5.2.8.RELEASE]
	at org.springframework.security.web.FilterChainProxy$VirtualFilterChain.doFilter(FilterChainProxy.java:334) ~[spring-security-web-5.3.3.RELEASE.jar:5.3.3.RELEASE]
	at org.springframework.security.web.header.HeaderWriterFilter.doHeadersAfter(HeaderWriterFilter.java:92) ~[spring-security-web-5.3.3.RELEASE.jar:5.3.3.RELEASE]
	at org.springframework.security.web.header.HeaderWriterFilter.doFilterInternal(HeaderWriterFilter.java:77) ~[spring-security-web-5.3.3.RELEASE.jar:5.3.3.RELEASE]
	at org.springframework.web.filter.OncePerRequestFilter.doFilter(OncePerRequestFilter.java:119) ~[spring-web-5.2.8.RELEASE.jar:5.2.8.RELEASE]
	at org.springframework.security.web.FilterChainProxy$VirtualFilterChain.doFilter(FilterChainProxy.java:334) ~[spring-security-web-5.3.3.RELEASE.jar:5.3.3.RELEASE]
	at org.springframework.security.web.context.SecurityContextPersistenceFilter.doFilter(SecurityContextPersistenceFilter.java:105) ~[spring-security-web-5.3.3.RELEASE.jar:5.3.3.RELEASE]
	at org.springframework.security.web.FilterChainProxy$VirtualFilterChain.doFilter(FilterChainProxy.java:334) ~[spring-security-web-5.3.3.RELEASE.jar:5.3.3.RELEASE]
	at org.springframework.security.web.context.request.async.WebAsyncManagerIntegrationFilter.doFilterInternal(WebAsyncManagerIntegrationFilter.java:56) ~[spring-security-web-5.3.3.RELEASE.jar:5.3.3.RELEASE]
	at org.springframework.web.filter.OncePerRequestFilter.doFilter(OncePerRequestFilter.java:119) ~[spring-web-5.2.8.RELEASE.jar:5.2.8.RELEASE]
	at org.springframework.security.web.FilterChainProxy$VirtualFilterChain.doFilter(FilterChainProxy.java:334) ~[spring-security-web-5.3.3.RELEASE.jar:5.3.3.RELEASE]
	at org.springframework.security.web.FilterChainProxy.doFilterInternal(FilterChainProxy.java:215) ~[spring-security-web-5.3.3.RELEASE.jar:5.3.3.RELEASE]
	at org.springframework.security.web.FilterChainProxy.doFilter(FilterChainProxy.java:178) ~[spring-security-web-5.3.3.RELEASE.jar:5.3.3.RELEASE]
	at org.springframework.web.filter.DelegatingFilterProxy.invokeDelegate(DelegatingFilterProxy.java:358) ~[spring-web-5.2.8.RELEASE.jar:5.2.8.RELEASE]
	at org.springframework.web.filter.DelegatingFilterProxy.doFilter(DelegatingFilterProxy.java:271) ~[spring-web-5.2.8.RELEASE.jar:5.2.8.RELEASE]
	at org.apache.catalina.core.ApplicationFilterChain.internalDoFilter(ApplicationFilterChain.java:193) ~[tomcat-embed-core-9.0.37.jar:9.0.37]
	at org.apache.catalina.core.ApplicationFilterChain.doFilter(ApplicationFilterChain.java:166) ~[tomcat-embed-core-9.0.37.jar:9.0.37]
	at org.springframework.web.filter.RequestContextFilter.doFilterInternal(RequestContextFilter.java:100) ~[spring-web-5.2.8.RELEASE.jar:5.2.8.RELEASE]
	at org.springframework.web.filter.OncePerRequestFilter.doFilter(OncePerRequestFilter.java:119) ~[spring-web-5.2.8.RELEASE.jar:5.2.8.RELEASE]
	at org.apache.catalina.core.ApplicationFilterChain.internalDoFilter(ApplicationFilterChain.java:193) ~[tomcat-embed-core-9.0.37.jar:9.0.37]
	at org.apache.catalina.core.ApplicationFilterChain.doFilter(ApplicationFilterChain.java:166) ~[tomcat-embed-core-9.0.37.jar:9.0.37]
	at org.springframework.web.filter.FormContentFilter.doFilterInternal(FormContentFilter.java:93) ~[spring-web-5.2.8.RELEASE.jar:5.2.8.RELEASE]
	at org.springframework.web.filter.OncePerRequestFilter.doFilter(OncePerRequestFilter.java:119) ~[spring-web-5.2.8.RELEASE.jar:5.2.8.RELEASE]
	at org.apache.catalina.core.ApplicationFilterChain.internalDoFilter(ApplicationFilterChain.java:193) ~[tomcat-embed-core-9.0.37.jar:9.0.37]
	at org.apache.catalina.core.ApplicationFilterChain.doFilter(ApplicationFilterChain.java:166) ~[tomcat-embed-core-9.0.37.jar:9.0.37]
	at org.springframework.web.filter.CharacterEncodingFilter.doFilterInternal(CharacterEncodingFilter.java:201) ~[spring-web-5.2.8.RELEASE.jar:5.2.8.RELEASE]
	at org.springframework.web.filter.OncePerRequestFilter.doFilter(OncePerRequestFilter.java:119) ~[spring-web-5.2.8.RELEASE.jar:5.2.8.RELEASE]
	at org.apache.catalina.core.ApplicationFilterChain.internalDoFilter(ApplicationFilterChain.java:193) ~[tomcat-embed-core-9.0.37.jar:9.0.37]
	at org.apache.catalina.core.ApplicationFilterChain.doFilter(ApplicationFilterChain.java:166) ~[tomcat-embed-core-9.0.37.jar:9.0.37]
	at org.apache.catalina.core.StandardWrapperValve.invoke(StandardWrapperValve.java:202) [tomcat-embed-core-9.0.37.jar:9.0.37]
	at org.apache.catalina.core.StandardContextValve.invoke(StandardContextValve.java:96) [tomcat-embed-core-9.0.37.jar:9.0.37]
	at org.apache.catalina.authenticator.AuthenticatorBase.invoke(AuthenticatorBase.java:541) [tomcat-embed-core-9.0.37.jar:9.0.37]
	at org.apache.catalina.core.StandardHostValve.invoke(StandardHostValve.java:139) [tomcat-embed-core-9.0.37.jar:9.0.37]
	at org.apache.catalina.valves.ErrorReportValve.invoke(ErrorReportValve.java:92) [tomcat-embed-core-9.0.37.jar:9.0.37]
	at org.apache.catalina.core.StandardEngineValve.invoke(StandardEngineValve.java:74) [tomcat-embed-core-9.0.37.jar:9.0.37]
	at org.apache.catalina.connector.CoyoteAdapter.service(CoyoteAdapter.java:343) [tomcat-embed-core-9.0.37.jar:9.0.37]
	at org.apache.coyote.http11.Http11Processor.service(Http11Processor.java:373) [tomcat-embed-core-9.0.37.jar:9.0.37]
	at org.apache.coyote.AbstractProcessorLight.process(AbstractProcessorLight.java:65) [tomcat-embed-core-9.0.37.jar:9.0.37]
	at org.apache.coyote.AbstractProtocol$ConnectionHandler.process(AbstractProtocol.java:868) [tomcat-embed-core-9.0.37.jar:9.0.37]
	at org.apache.tomcat.util.net.NioEndpoint$SocketProcessor.doRun(NioEndpoint.java:1589) [tomcat-embed-core-9.0.37.jar:9.0.37]
	at org.apache.tomcat.util.net.SocketProcessorBase.run(SocketProcessorBase.java:49) [tomcat-embed-core-9.0.37.jar:9.0.37]
	at java.util.concurrent.ThreadPoolExecutor.runWorker(ThreadPoolExecutor.java:1142) [?:1.8.0_131]
	at java.util.concurrent.ThreadPoolExecutor$Worker.run(ThreadPoolExecutor.java:617) [?:1.8.0_131]
	at org.apache.tomcat.util.threads.TaskThread$WrappingRunnable.run(TaskThread.java:61) [tomcat-embed-core-9.0.37.jar:9.0.37]
	at java.lang.Thread.run(Thread.java:748) [?:1.8.0_131]
2021-06-11 22:23:22,649 DEBUG c.e.d.s.JWTAuthenticationFilter [http-nio-8080-exec-10] Request is to process authentication
2021-06-11 22:24:00,771 INFO c.e.d.s.JWTAuthenticationVerficationFilter [http-nio-8080-exec-3]  Authentication Verification sucessfully
2021-06-11 22:24:00,776 INFO c.e.d.s.JWTAuthenticationVerficationFilter [http-nio-8080-exec-3]  Authentication Verification sucessfully
2021-06-11 22:24:00,972 INFO c.e.d.c.CartController [http-nio-8080-exec-3] Cart is saved
2021-06-11 22:24:16,026 INFO c.e.d.s.JWTAuthenticationVerficationFilter [http-nio-8080-exec-1]  Authentication Verification sucessfully
2021-06-11 22:24:16,032 INFO c.e.d.s.JWTAuthenticationVerficationFilter [http-nio-8080-exec-1]  Authentication Verification sucessfully
2021-06-11 22:24:16,190 INFO c.e.d.c.OrderController [http-nio-8080-exec-1] Order submitted successfully
2021-06-11 22:35:09,305 INFO c.e.d.SareetaApplication [main] Starting SareetaApplication on Dr-Rasha with PID 5380 (C:\Users\INNOVATIONS\Documents\ecomerceUdacity\starter_code\target\classes started by INNOVATIONS in C:\Users\INNOVATIONS\Documents\ecomerceUdacity\starter_code)
2021-06-11 22:35:09,326 DEBUG c.e.d.SareetaApplication [main] Running with Spring Boot v2.3.2.RELEASE, Spring v5.2.8.RELEASE
2021-06-11 22:35:09,327 INFO c.e.d.SareetaApplication [main] No active profile set, falling back to default profiles: default
2021-06-11 22:35:21,516 DEBUG c.e.d.s.JWTAuthenticationVerficationFilter [main] Filter 'JWTAuthenticationVerficationFilter' configured for use
2021-06-11 22:35:23,239 INFO c.e.d.SareetaApplication [main] Started SareetaApplication in 14.836 seconds (JVM running for 20.974)
2021-06-11 22:36:07,222 INFO c.e.d.c.UserController [http-nio-8080-exec-1] User created successfully and Username is: DrRasha
2021-06-11 22:36:07,465 ERROR c.e.d.c.UserController [http-nio-8080-exec-1] Error , CreateUser request failur due to Password is not valid !
2021-06-11 22:36:07,570 WARN c.e.d.s.JWTAuthenticationVerficationFilter [http-nio-8080-exec-1] Warning Verification of Authentication.
2021-06-11 22:36:07,571 WARN c.e.d.s.JWTAuthenticationVerficationFilter [http-nio-8080-exec-1] Warning Verification of Authentication.
2021-06-11 22:40:27,052 INFO c.e.d.SareetaApplication [main] Starting SareetaApplication on Dr-Rasha with PID 10908 (C:\Users\INNOVATIONS\Documents\ecomerceUdacity\starter_code\target\classes started by INNOVATIONS in C:\Users\INNOVATIONS\Documents\ecomerceUdacity\starter_code)
2021-06-11 22:40:27,070 DEBUG c.e.d.SareetaApplication [main] Running with Spring Boot v2.3.2.RELEASE, Spring v5.2.8.RELEASE
2021-06-11 22:40:27,072 INFO c.e.d.SareetaApplication [main] No active profile set, falling back to default profiles: default
2021-06-11 22:40:37,884 DEBUG c.e.d.s.JWTAuthenticationVerficationFilter [main] Filter 'JWTAuthenticationVerficationFilter' configured for use
2021-06-11 22:40:39,532 INFO c.e.d.SareetaApplication [main] Started SareetaApplication in 13.57 seconds (JVM running for 17.49)
2021-06-11 22:40:51,363 INFO c.e.d.s.JWTAuthenticationVerficationFilter [http-nio-8080-exec-1]  Authentication Verification sucessfully
2021-06-11 22:40:51,416 INFO c.e.d.s.JWTAuthenticationVerficationFilter [http-nio-8080-exec-1]  Authentication Verification sucessfully
2021-06-11 22:40:52,174 ERROR c.e.d.c.OrderController [http-nio-8080-exec-1] Order submitted failure due totest not found !
2021-06-11 22:41:15,492 INFO c.e.d.s.JWTAuthenticationVerficationFilter [http-nio-8080-exec-2]  Authentication Verification sucessfully
2021-06-11 22:41:15,499 INFO c.e.d.s.JWTAuthenticationVerficationFilter [http-nio-8080-exec-2]  Authentication Verification sucessfully
2021-06-11 22:41:15,508 ERROR c.e.d.c.OrderController [http-nio-8080-exec-2] Order submitted failure due toNoura not found !
2021-06-11 22:41:23,888 INFO c.e.d.s.JWTAuthenticationVerficationFilter [http-nio-8080-exec-4]  Authentication Verification sucessfully
2021-06-11 22:41:23,896 INFO c.e.d.s.JWTAuthenticationVerficationFilter [http-nio-8080-exec-4]  Authentication Verification sucessfully
2021-06-11 22:41:23,912 ERROR c.e.d.c.OrderController [http-nio-8080-exec-4] Order submitted failure due toRasha not found !
2021-06-12 18:34:07,105 INFO c.e.d.SareetaApplication [main] Starting SareetaApplication on Dr-Rasha with PID 6800 (C:\Users\INNOVATIONS\Documents\ecomerceUdacity\starter_code\target\classes started by INNOVATIONS in C:\Users\INNOVATIONS\Documents\ecomerceUdacity\starter_code)
2021-06-12 18:34:07,331 DEBUG c.e.d.SareetaApplication [main] Running with Spring Boot v2.3.2.RELEASE, Spring v5.2.8.RELEASE
2021-06-12 18:34:07,333 INFO c.e.d.SareetaApplication [main] No active profile set, falling back to default profiles: default
2021-06-12 18:34:58,247 INFO c.e.d.SareetaApplication [main] Starting SareetaApplication on Dr-Rasha with PID 3176 (C:\Users\INNOVATIONS\Documents\ecomerceUdacity\starter_code\target\classes started by INNOVATIONS in C:\Users\INNOVATIONS\Documents\ecomerceUdacity\starter_code)
2021-06-12 18:34:58,268 DEBUG c.e.d.SareetaApplication [main] Running with Spring Boot v2.3.2.RELEASE, Spring v5.2.8.RELEASE
2021-06-12 18:34:58,270 INFO c.e.d.SareetaApplication [main] No active profile set, falling back to default profiles: default
2021-06-12 18:35:18,365 DEBUG c.e.d.s.JWTAuthenticationVerficationFilter [main] Filter 'JWTAuthenticationVerficationFilter' configured for use
2021-06-13 10:43:01,370 INFO c.e.d.SareetaApplicationTests [main] Starting SareetaApplicationTests on Dr-Rasha with PID 10584 (started by INNOVATIONS in C:\Users\INNOVATIONS\Documents\ecomerceUdacity\starter_code)
2021-06-13 10:43:01,598 DEBUG c.e.d.SareetaApplicationTests [main] Running with Spring Boot v2.3.2.RELEASE, Spring v5.2.8.RELEASE
2021-06-13 10:43:01,603 INFO c.e.d.SareetaApplicationTests [main] No active profile set, falling back to default profiles: default
2021-06-13 10:44:17,621 INFO c.e.d.SareetaApplicationTests [main] Started SareetaApplicationTests in 82.131 seconds (JVM running for 111.265)
2021-06-13 16:32:58,121 INFO c.e.d.SareetaApplicationTests [main] Starting SareetaApplicationTests on Dr-Rasha with PID 5112 (started by INNOVATIONS in C:\Users\INNOVATIONS\Documents\ecomerceUdacity\starter_code)
2021-06-13 16:32:58,296 DEBUG c.e.d.SareetaApplicationTests [main] Running with Spring Boot v2.3.2.RELEASE, Spring v5.2.8.RELEASE
2021-06-13 16:32:58,298 INFO c.e.d.SareetaApplicationTests [main] No active profile set, falling back to default profiles: default
2021-06-13 16:33:47,412 INFO c.e.d.SareetaApplicationTests [main] Started SareetaApplicationTests in 54.224 seconds (JVM running for 79.574)
2021-06-14 00:32:36,032 INFO c.e.d.SareetaApplicationTests [main] Starting SareetaApplicationTests on Dr-Rasha with PID 6200 (started by INNOVATIONS in C:\Users\INNOVATIONS\Documents\ecomerceUdacity\starter_code)
2021-06-14 00:32:36,061 DEBUG c.e.d.SareetaApplicationTests [main] Running with Spring Boot v2.3.2.RELEASE, Spring v5.2.8.RELEASE
2021-06-14 00:32:36,070 INFO c.e.d.SareetaApplicationTests [main] No active profile set, falling back to default profiles: default
2021-06-14 00:32:51,339 INFO c.e.d.SareetaApplicationTests [main] Started SareetaApplicationTests in 15.901 seconds (JVM running for 21.329)
2021-06-14 06:58:45,799 INFO c.e.d.SareetaApplicationTests [main] Starting SareetaApplicationTests on Dr-Rasha with PID 6084 (started by INNOVATIONS in C:\Users\INNOVATIONS\Documents\ecomerceUdacity\starter_code)
2021-06-14 06:58:45,819 DEBUG c.e.d.SareetaApplicationTests [main] Running with Spring Boot v2.3.2.RELEASE, Spring v5.2.8.RELEASE
2021-06-14 06:58:45,820 INFO c.e.d.SareetaApplicationTests [main] No active profile set, falling back to default profiles: default
2021-06-14 06:59:02,645 INFO c.e.d.SareetaApplicationTests [main] Started SareetaApplicationTests in 17.365 seconds (JVM running for 23.122)
